{"E:\\USER\\laboratorium\\nodejs\\crtk\\index.js":{"path":"E:\\USER\\laboratorium\\nodejs\\crtk\\index.js","s":{"1":1,"2":1,"3":1,"4":1,"5":0,"6":663,"7":1,"8":1,"9":14,"10":14,"11":14,"12":12,"13":1,"14":1,"15":8,"16":8,"17":8,"18":8,"19":8,"20":1,"21":7,"22":8,"23":1,"24":243,"25":243,"26":7,"27":243,"28":1,"29":243,"30":1,"31":1,"32":147,"33":1,"34":146,"35":9,"36":9,"37":9,"38":137,"39":4,"40":4,"41":4,"42":146,"43":1,"44":3,"45":1,"46":149,"47":12,"48":137,"49":146,"50":159,"51":1,"52":158,"53":1,"54":157,"55":12,"56":145,"57":145,"58":8,"59":14,"60":14,"61":14,"62":14,"63":14,"64":13,"65":13,"66":1,"67":253,"68":3,"69":4,"70":16,"71":16,"72":16,"73":3,"74":3,"75":3,"76":3,"77":3,"78":3,"79":3,"80":2,"81":2,"82":2,"83":2,"84":12,"85":12,"86":12,"87":9,"88":12,"89":12,"90":2,"91":146,"92":1,"93":138,"94":129,"95":138,"96":13,"97":13,"98":125,"99":125,"100":21,"101":21,"102":5,"103":16,"104":10,"105":21,"106":104,"107":146,"108":2,"109":1,"110":430,"111":430,"112":299,"113":284,"114":284,"115":284,"116":0,"117":0,"118":0,"119":284,"120":284,"121":284,"122":284,"123":284,"124":4,"125":284,"126":284,"127":284,"128":146,"129":138,"130":138,"131":138,"132":284,"133":267,"134":267,"135":138,"136":17,"137":17,"138":284,"139":284,"140":284,"141":284,"142":284,"143":155,"144":155,"145":155,"146":155,"147":137,"148":137,"149":137,"150":146,"151":146,"152":146,"153":1,"154":1,"155":1,"156":1,"157":65,"158":1,"159":64,"160":1,"161":63,"162":62,"163":62,"164":62,"165":62,"166":53,"167":62,"168":64,"169":70,"170":1,"171":69,"172":6,"173":63,"174":11,"175":39,"176":1,"177":1,"178":64,"179":1,"180":1,"181":1,"182":26,"183":26,"184":14,"185":14,"186":11,"187":3,"188":26,"189":1,"190":15,"191":1,"192":1,"193":1,"194":8,"195":1,"196":1,"197":1,"198":1,"199":1,"200":33,"201":33,"202":1,"203":1,"204":1,"205":34,"206":1,"207":173,"208":35,"209":139,"210":138,"211":137,"212":1,"213":34,"214":33,"215":1,"216":33,"217":0,"218":33,"219":33,"220":33,"221":33,"222":5,"223":5,"224":28,"225":28,"226":28,"227":28,"228":28,"229":137,"230":137,"231":18,"232":28,"233":119,"234":119,"235":10,"236":109,"237":119,"238":28,"239":28,"240":28,"241":28,"242":28,"243":2,"244":2,"245":6,"246":4,"247":28,"248":14,"249":28,"250":137,"251":33,"252":33,"253":2,"254":2,"255":2,"256":2,"257":2,"258":2,"259":2,"260":2,"261":1,"262":3,"263":3,"264":2,"265":1,"266":3,"267":2,"268":1,"269":1,"270":22,"271":21,"272":12,"273":12,"274":1,"275":4,"276":1,"277":3,"278":3,"279":4,"280":4,"281":4,"282":1,"283":1,"284":1,"285":1,"286":5},"b":{"1":[0,1],"2":[0,1],"3":[8,0],"4":[1,7],"5":[243,0],"6":[1,146],"7":[9,137],"8":[4,133],"9":[3,3],"10":[3,3],"11":[12,137],"12":[1,158],"13":[1,157],"14":[158,158],"15":[12,145],"16":[145,137],"17":[8,8],"18":[14,0],"19":[14,0],"20":[13,1],"21":[13,13],"22":[3,0],"23":[4,0],"24":[16,9],"25":[16,10],"26":[3,0],"27":[3,0],"28":[2,1],"29":[3,2],"30":[2,2],"31":[2,0],"32":[12,11],"33":[12,6],"34":[9,3],"35":[2,10],"36":[12,6],"37":[129,9],"38":[138,138],"39":[13,125],"40":[13,5],"41":[21,104],"42":[5,16],"43":[10,6],"44":[16,14],"45":[284,15],"46":[0,284],"47":[146,138],"48":[138,129],"49":[155,129],"50":[137,18],"51":[1,64],"52":[62,1],"53":[1,69],"54":[6,63],"55":[11,10],"56":[1,0],"57":[14,12],"58":[35,138],"59":[137,1],"60":[138,138,137],"61":[0,33],"62":[5,28],"63":[28,0],"64":[28,28,28],"65":[18,119],"66":[18,18],"67":[119,0],"68":[10,109],"69":[28,91],"70":[119,93,7],"71":[8,20],"72":[8,20],"73":[2,26],"74":[28,2],"75":[4,2],"76":[4,4],"77":[14,14],"78":[2,0],"79":[1,1],"80":[3,0],"81":[3,3],"82":[1,1],"83":[2,0],"84":[1,0],"85":[1,3]},"f":{"1":0,"2":0,"3":663,"4":14,"5":12,"6":8,"7":8,"8":8,"9":243,"10":7,"11":1,"12":147,"13":9,"14":4,"15":3,"16":149,"17":159,"18":8,"19":14,"20":13,"21":253,"22":3,"23":4,"24":16,"25":3,"26":3,"27":2,"28":12,"29":138,"30":2,"31":430,"32":299,"33":284,"34":4,"35":1,"36":65,"37":63,"38":70,"39":11,"40":39,"41":1,"42":1,"43":26,"44":11,"45":3,"46":15,"47":1,"48":8,"49":1,"50":1,"51":33,"52":1,"53":34,"54":173,"55":33,"56":28,"57":119,"58":2,"59":2,"60":2,"61":3,"62":2,"63":1,"64":22,"65":12,"66":4,"67":4,"68":1,"69":1,"70":5},"fnMap":{"1":{"name":"(anonymous_1)","line":14,"loc":{"start":{"line":14,"column":35},"end":{"line":14,"column":47}}},"2":{"name":"execAsync","line":22,"loc":{"start":{"line":22,"column":0},"end":{"line":22,"column":38}}},"3":{"name":"execAsync","line":25,"loc":{"start":{"line":25,"column":0},"end":{"line":25,"column":38}}},"4":{"name":"Cancellation","line":36,"loc":{"start":{"line":36,"column":0},"end":{"line":36,"column":27}}},"5":{"name":"toString","line":39,"loc":{"start":{"line":39,"column":17},"end":{"line":39,"column":37}}},"6":{"name":"ensureBackingPromise","line":49,"loc":{"start":{"line":49,"column":0},"end":{"line":49,"column":41}}},"7":{"name":"(anonymous_7)","line":53,"loc":{"start":{"line":53,"column":3},"end":{"line":53,"column":28}}},"8":{"name":"(anonymous_8)","line":54,"loc":{"start":{"line":54,"column":20},"end":{"line":54,"column":36}}},"9":{"name":"maybePromisifyAwaitable","line":67,"loc":{"start":{"line":67,"column":0},"end":{"line":67,"column":44}}},"10":{"name":"(anonymous_10)","line":69,"loc":{"start":{"line":69,"column":19},"end":{"line":69,"column":37}}},"11":{"name":"(anonymous_11)","line":72,"loc":{"start":{"line":72,"column":20},"end":{"line":72,"column":38}}},"12":{"name":"start","line":86,"loc":{"start":{"line":86,"column":0},"end":{"line":86,"column":34}}},"13":{"name":"asyncFuncWrapper","line":94,"loc":{"start":{"line":94,"column":10},"end":{"line":94,"column":39}}},"14":{"name":"plainFuncWrapper","line":101,"loc":{"start":{"line":101,"column":10},"end":{"line":101,"column":39}}},"15":{"name":"getOnceListenersFor","line":107,"loc":{"start":{"line":107,"column":1},"end":{"line":107,"column":39}}},"16":{"name":"possiblyWrapCancellationResult","line":114,"loc":{"start":{"line":114,"column":1},"end":{"line":114,"column":44}}},"17":{"name":"await","line":133,"loc":{"start":{"line":133,"column":9},"end":{"line":133,"column":34}}},"18":{"name":"unawait","line":152,"loc":{"start":{"line":152,"column":11},"end":{"line":152,"column":38}}},"19":{"name":"cancel","line":155,"loc":{"start":{"line":155,"column":10},"end":{"line":155,"column":37}}},"20":{"name":"(anonymous_20)","line":163,"loc":{"start":{"line":163,"column":16},"end":{"line":164,"column":6}}},"21":{"name":"(anonymous_21)","line":172,"loc":{"start":{"line":172,"column":10},"end":{"line":172,"column":13}}},"22":{"name":"(anonymous_22)","line":175,"loc":{"start":{"line":175,"column":12},"end":{"line":175,"column":15}}},"23":{"name":"(anonymous_23)","line":178,"loc":{"start":{"line":178,"column":11},"end":{"line":178,"column":14}}},"24":{"name":"on","line":182,"loc":{"start":{"line":182,"column":6},"end":{"line":182,"column":37}}},"25":{"name":"once","line":191,"loc":{"start":{"line":191,"column":8},"end":{"line":191,"column":41}}},"26":{"name":"removeListener","line":196,"loc":{"start":{"line":196,"column":18},"end":{"line":196,"column":61}}},"27":{"name":"removeAllListeners","line":209,"loc":{"start":{"line":209,"column":22},"end":{"line":209,"column":59}}},"28":{"name":"emit","line":216,"loc":{"start":{"line":216,"column":8},"end":{"line":216,"column":40}}},"29":{"name":"SYNCW","line":234,"loc":{"start":{"line":234,"column":1},"end":{"line":235,"column":1}}},"30":{"name":"(anonymous_30)","line":259,"loc":{"start":{"line":259,"column":20},"end":{"line":259,"column":51}}},"31":{"name":"getSyncr","line":263,"loc":{"start":{"line":263,"column":1},"end":{"line":263,"column":21}}},"32":{"name":"SYNC","line":265,"loc":{"start":{"line":265,"column":21},"end":{"line":265,"column":50}}},"33":{"name":"(anonymous_33)","line":271,"loc":{"start":{"line":271,"column":14},"end":{"line":271,"column":25}}},"34":{"name":"SYNCTL","line":287,"loc":{"start":{"line":287,"column":22},"end":{"line":287,"column":41}}},"35":{"name":"(anonymous_35)","line":345,"loc":{"start":{"line":345,"column":8},"end":{"line":345,"column":30}}},"36":{"name":"Awaiter","line":363,"loc":{"start":{"line":363,"column":41},"end":{"line":363,"column":60}}},"37":{"name":"theAwaiter","line":369,"loc":{"start":{"line":369,"column":1},"end":{"line":369,"column":34}}},"38":{"name":"await","line":383,"loc":{"start":{"line":383,"column":9},"end":{"line":383,"column":34}}},"39":{"name":"unawait","line":396,"loc":{"start":{"line":396,"column":11},"end":{"line":396,"column":38}}},"40":{"name":"(anonymous_40)","line":400,"loc":{"start":{"line":400,"column":10},"end":{"line":400,"column":13}}},"41":{"name":"(anonymous_41)","line":404,"loc":{"start":{"line":404,"column":11},"end":{"line":404,"column":14}}},"42":{"name":"(anonymous_42)","line":408,"loc":{"start":{"line":408,"column":12},"end":{"line":408,"column":15}}},"43":{"name":"ensureBackingAwaiter","line":423,"loc":{"start":{"line":423,"column":0},"end":{"line":423,"column":39}}},"44":{"name":"(anonymous_44)","line":427,"loc":{"start":{"line":427,"column":15},"end":{"line":427,"column":27}}},"45":{"name":"(anonymous_45)","line":429,"loc":{"start":{"line":429,"column":6},"end":{"line":429,"column":18}}},"46":{"name":"(anonymous_46)","line":436,"loc":{"start":{"line":436,"column":26},"end":{"line":436,"column":45}}},"47":{"name":"(anonymous_47)","line":440,"loc":{"start":{"line":440,"column":28},"end":{"line":440,"column":47}}},"48":{"name":"(anonymous_48)","line":446,"loc":{"start":{"line":446,"column":6},"end":{"line":446,"column":17}}},"49":{"name":"(anonymous_49)","line":454,"loc":{"start":{"line":454,"column":6},"end":{"line":454,"column":17}}},"50":{"name":"(anonymous_50)","line":462,"loc":{"start":{"line":462,"column":6},"end":{"line":462,"column":17}}},"51":{"name":"CheckpointResult","line":476,"loc":{"start":{"line":476,"column":0},"end":{"line":476,"column":43}}},"52":{"name":"toString","line":481,"loc":{"start":{"line":481,"column":38},"end":{"line":481,"column":58}}},"53":{"name":"checkpointExtractArrayOfAwaiters","line":486,"loc":{"start":{"line":486,"column":0},"end":{"line":486,"column":52}}},"54":{"name":"addAwaiters","line":488,"loc":{"start":{"line":488,"column":1},"end":{"line":488,"column":31}}},"55":{"name":"checkpointCreate","line":505,"loc":{"start":{"line":505,"column":0},"end":{"line":505,"column":53}}},"56":{"name":"unawaitAwaiters","line":521,"loc":{"start":{"line":521,"column":20},"end":{"line":521,"column":47}}},"57":{"name":"checkpointCallback","line":538,"loc":{"start":{"line":538,"column":13},"end":{"line":538,"column":54}}},"58":{"name":"stopOnFirstError","line":576,"loc":{"start":{"line":576,"column":20},"end":{"line":576,"column":51}}},"59":{"name":"cancelAbandoned","line":580,"loc":{"start":{"line":580,"column":19},"end":{"line":580,"column":58}}},"60":{"name":"cancel","line":587,"loc":{"start":{"line":587,"column":10},"end":{"line":587,"column":31}}},"61":{"name":"(anonymous_61)","line":603,"loc":{"start":{"line":603,"column":10},"end":{"line":603,"column":13}}},"62":{"name":"(anonymous_62)","line":606,"loc":{"start":{"line":606,"column":12},"end":{"line":606,"column":15}}},"63":{"name":"(anonymous_63)","line":609,"loc":{"start":{"line":609,"column":13},"end":{"line":609,"column":16}}},"64":{"name":"allOf","line":617,"loc":{"start":{"line":617,"column":8},"end":{"line":617,"column":36}}},"65":{"name":"anyOf","line":621,"loc":{"start":{"line":621,"column":8},"end":{"line":621,"column":36}}},"66":{"name":"NowThen","line":631,"loc":{"start":{"line":631,"column":25},"end":{"line":631,"column":44}}},"67":{"name":"(anonymous_67)","line":638,"loc":{"start":{"line":638,"column":10},"end":{"line":638,"column":13}}},"68":{"name":"(anonymous_68)","line":643,"loc":{"start":{"line":643,"column":12},"end":{"line":643,"column":15}}},"69":{"name":"(anonymous_69)","line":646,"loc":{"start":{"line":646,"column":10},"end":{"line":646,"column":22}}},"70":{"name":"(anonymous_70)","line":648,"loc":{"start":{"line":648,"column":11},"end":{"line":648,"column":14}}}},"statementMap":{"1":{"start":{"line":5,"column":0},"end":{"line":16,"column":53}},"2":{"start":{"line":18,"column":0},"end":{"line":18,"column":49}},"3":{"start":{"line":19,"column":0},"end":{"line":19,"column":44}},"4":{"start":{"line":21,"column":0},"end":{"line":27,"column":2}},"5":{"start":{"line":23,"column":1},"end":{"line":23,"column":65}},"6":{"start":{"line":26,"column":1},"end":{"line":26,"column":68}},"7":{"start":{"line":29,"column":0},"end":{"line":29,"column":59}},"8":{"start":{"line":35,"column":0},"end":{"line":42,"column":1}},"9":{"start":{"line":37,"column":1},"end":{"line":37,"column":20}},"10":{"start":{"line":38,"column":1},"end":{"line":38,"column":32}},"11":{"start":{"line":39,"column":1},"end":{"line":41,"column":3}},"12":{"start":{"line":40,"column":2},"end":{"line":40,"column":32}},"13":{"start":{"line":48,"column":0},"end":{"line":48,"column":33}},"14":{"start":{"line":49,"column":0},"end":{"line":65,"column":1}},"15":{"start":{"line":50,"column":1},"end":{"line":50,"column":41}},"16":{"start":{"line":51,"column":1},"end":{"line":62,"column":2}},"17":{"start":{"line":52,"column":2},"end":{"line":61,"column":6}},"18":{"start":{"line":54,"column":4},"end":{"line":60,"column":7}},"19":{"start":{"line":55,"column":5},"end":{"line":59,"column":6}},"20":{"start":{"line":56,"column":6},"end":{"line":56,"column":16}},"21":{"start":{"line":58,"column":6},"end":{"line":58,"column":16}},"22":{"start":{"line":64,"column":1},"end":{"line":64,"column":15}},"23":{"start":{"line":67,"column":0},"end":{"line":78,"column":1}},"24":{"start":{"line":68,"column":1},"end":{"line":75,"column":2}},"25":{"start":{"line":69,"column":2},"end":{"line":71,"column":3}},"26":{"start":{"line":70,"column":3},"end":{"line":70,"column":56}},"27":{"start":{"line":72,"column":2},"end":{"line":74,"column":3}},"28":{"start":{"line":73,"column":3},"end":{"line":73,"column":57}},"29":{"start":{"line":77,"column":1},"end":{"line":77,"column":18}},"30":{"start":{"line":84,"column":0},"end":{"line":84,"column":21}},"31":{"start":{"line":85,"column":0},"end":{"line":337,"column":1}},"32":{"start":{"line":88,"column":1},"end":{"line":90,"column":2}},"33":{"start":{"line":89,"column":2},"end":{"line":89,"column":92}},"34":{"start":{"line":91,"column":1},"end":{"line":104,"column":2}},"35":{"start":{"line":93,"column":2},"end":{"line":93,"column":34}},"36":{"start":{"line":94,"column":2},"end":{"line":97,"column":4}},"37":{"start":{"line":96,"column":3},"end":{"line":96,"column":71}},"38":{"start":{"line":98,"column":8},"end":{"line":104,"column":2}},"39":{"start":{"line":100,"column":2},"end":{"line":100,"column":34}},"40":{"start":{"line":101,"column":2},"end":{"line":103,"column":4}},"41":{"start":{"line":102,"column":3},"end":{"line":102,"column":41}},"42":{"start":{"line":106,"column":1},"end":{"line":106,"column":49}},"43":{"start":{"line":107,"column":1},"end":{"line":110,"column":2}},"44":{"start":{"line":108,"column":2},"end":{"line":109,"column":53}},"45":{"start":{"line":114,"column":1},"end":{"line":121,"column":2}},"46":{"start":{"line":115,"column":2},"end":{"line":120,"column":3}},"47":{"start":{"line":116,"column":3},"end":{"line":117,"column":24}},"48":{"start":{"line":119,"column":3},"end":{"line":119,"column":12}},"49":{"start":{"line":123,"column":1},"end":{"line":231,"column":3}},"50":{"start":{"line":134,"column":3},"end":{"line":136,"column":4}},"51":{"start":{"line":135,"column":4},"end":{"line":135,"column":51}},"52":{"start":{"line":137,"column":3},"end":{"line":139,"column":4}},"53":{"start":{"line":138,"column":4},"end":{"line":138,"column":49}},"54":{"start":{"line":140,"column":3},"end":{"line":150,"column":4}},"55":{"start":{"line":142,"column":4},"end":{"line":143,"column":24}},"56":{"start":{"line":147,"column":4},"end":{"line":148,"column":39}},"57":{"start":{"line":149,"column":4},"end":{"line":149,"column":27}},"58":{"start":{"line":153,"column":3},"end":{"line":153,"column":63}},"59":{"start":{"line":156,"column":3},"end":{"line":170,"column":4}},"60":{"start":{"line":157,"column":4},"end":{"line":157,"column":32}},"61":{"start":{"line":158,"column":4},"end":{"line":158,"column":37}},"62":{"start":{"line":159,"column":4},"end":{"line":169,"column":5}},"63":{"start":{"line":160,"column":5},"end":{"line":168,"column":6}},"64":{"start":{"line":163,"column":6},"end":{"line":164,"column":44}},"65":{"start":{"line":164,"column":8},"end":{"line":164,"column":40}},"66":{"start":{"line":167,"column":6},"end":{"line":167,"column":40}},"67":{"start":{"line":173,"column":3},"end":{"line":173,"column":31}},"68":{"start":{"line":176,"column":3},"end":{"line":176,"column":63}},"69":{"start":{"line":179,"column":3},"end":{"line":179,"column":62}},"70":{"start":{"line":183,"column":3},"end":{"line":183,"column":32}},"71":{"start":{"line":184,"column":3},"end":{"line":187,"column":43}},"72":{"start":{"line":188,"column":3},"end":{"line":188,"column":34}},"73":{"start":{"line":192,"column":3},"end":{"line":192,"column":34}},"74":{"start":{"line":193,"column":3},"end":{"line":193,"column":46}},"75":{"start":{"line":197,"column":3},"end":{"line":197,"column":32}},"76":{"start":{"line":198,"column":3},"end":{"line":201,"column":43}},"77":{"start":{"line":202,"column":3},"end":{"line":202,"column":37}},"78":{"start":{"line":203,"column":3},"end":{"line":203,"column":28}},"79":{"start":{"line":204,"column":3},"end":{"line":206,"column":4}},"80":{"start":{"line":205,"column":4},"end":{"line":205,"column":42}},"81":{"start":{"line":210,"column":3},"end":{"line":210,"column":76}},"82":{"start":{"line":211,"column":3},"end":{"line":213,"column":4}},"83":{"start":{"line":212,"column":4},"end":{"line":212,"column":34}},"84":{"start":{"line":217,"column":3},"end":{"line":217,"column":32}},"85":{"start":{"line":218,"column":3},"end":{"line":220,"column":67}},"86":{"start":{"line":221,"column":3},"end":{"line":228,"column":4}},"87":{"start":{"line":222,"column":4},"end":{"line":227,"column":5}},"88":{"start":{"line":223,"column":5},"end":{"line":223,"column":34}},"89":{"start":{"line":224,"column":5},"end":{"line":226,"column":6}},"90":{"start":{"line":225,"column":6},"end":{"line":225,"column":45}},"91":{"start":{"line":232,"column":1},"end":{"line":232,"column":20}},"92":{"start":{"line":234,"column":1},"end":{"line":258,"column":2}},"93":{"start":{"line":236,"column":2},"end":{"line":238,"column":3}},"94":{"start":{"line":237,"column":3},"end":{"line":237,"column":22}},"95":{"start":{"line":239,"column":2},"end":{"line":242,"column":3}},"96":{"start":{"line":240,"column":3},"end":{"line":240,"column":70}},"97":{"start":{"line":241,"column":3},"end":{"line":241,"column":48}},"98":{"start":{"line":243,"column":2},"end":{"line":243,"column":37}},"99":{"start":{"line":244,"column":2},"end":{"line":257,"column":3}},"100":{"start":{"line":245,"column":3},"end":{"line":245,"column":57}},"101":{"start":{"line":246,"column":3},"end":{"line":253,"column":4}},"102":{"start":{"line":248,"column":4},"end":{"line":248,"column":20}},"103":{"start":{"line":249,"column":10},"end":{"line":253,"column":4}},"104":{"start":{"line":252,"column":4},"end":{"line":252,"column":63}},"105":{"start":{"line":254,"column":3},"end":{"line":254,"column":11}},"106":{"start":{"line":256,"column":3},"end":{"line":256,"column":28}},"107":{"start":{"line":259,"column":1},"end":{"line":261,"column":2}},"108":{"start":{"line":260,"column":2},"end":{"line":260,"column":37}},"109":{"start":{"line":263,"column":1},"end":{"line":332,"column":2}},"110":{"start":{"line":264,"column":2},"end":{"line":264,"column":24}},"111":{"start":{"line":265,"column":2},"end":{"line":331,"column":5}},"112":{"start":{"line":266,"column":3},"end":{"line":330,"column":4}},"113":{"start":{"line":267,"column":4},"end":{"line":267,"column":21}},"114":{"start":{"line":271,"column":4},"end":{"line":329,"column":7}},"115":{"start":{"line":272,"column":5},"end":{"line":328,"column":6}},"116":{"start":{"line":275,"column":6},"end":{"line":275,"column":40}},"117":{"start":{"line":276,"column":6},"end":{"line":276,"column":31}},"118":{"start":{"line":277,"column":6},"end":{"line":277,"column":33}},"119":{"start":{"line":280,"column":6},"end":{"line":283,"column":34}},"120":{"start":{"line":284,"column":6},"end":{"line":284,"column":29}},"121":{"start":{"line":285,"column":6},"end":{"line":285,"column":27}},"122":{"start":{"line":286,"column":6},"end":{"line":286,"column":31}},"123":{"start":{"line":287,"column":6},"end":{"line":289,"column":8}},"124":{"start":{"line":288,"column":7},"end":{"line":288,"column":32}},"125":{"start":{"line":290,"column":6},"end":{"line":290,"column":44}},"126":{"start":{"line":291,"column":6},"end":{"line":327,"column":7}},"127":{"start":{"line":292,"column":7},"end":{"line":298,"column":8}},"128":{"start":{"line":293,"column":8},"end":{"line":293,"column":22}},"129":{"start":{"line":295,"column":8},"end":{"line":295,"column":42}},"130":{"start":{"line":296,"column":8},"end":{"line":296,"column":33}},"131":{"start":{"line":297,"column":8},"end":{"line":297,"column":35}},"132":{"start":{"line":299,"column":7},"end":{"line":299,"column":47}},"133":{"start":{"line":300,"column":7},"end":{"line":300,"column":23}},"134":{"start":{"line":301,"column":7},"end":{"line":303,"column":8}},"135":{"start":{"line":302,"column":8},"end":{"line":302,"column":30}},"136":{"start":{"line":306,"column":7},"end":{"line":306,"column":19}},"137":{"start":{"line":307,"column":7},"end":{"line":307,"column":20}},"138":{"start":{"line":309,"column":7},"end":{"line":309,"column":30}},"139":{"start":{"line":310,"column":7},"end":{"line":310,"column":32}},"140":{"start":{"line":311,"column":7},"end":{"line":311,"column":30}},"141":{"start":{"line":312,"column":7},"end":{"line":312,"column":34}},"142":{"start":{"line":313,"column":7},"end":{"line":326,"column":8}},"143":{"start":{"line":314,"column":8},"end":{"line":314,"column":36}},"144":{"start":{"line":315,"column":8},"end":{"line":315,"column":36}},"145":{"start":{"line":316,"column":8},"end":{"line":316,"column":38}},"146":{"start":{"line":317,"column":8},"end":{"line":325,"column":9}},"147":{"start":{"line":319,"column":9},"end":{"line":322,"column":10}},"148":{"start":{"line":320,"column":10},"end":{"line":321,"column":22}},"149":{"start":{"line":324,"column":9},"end":{"line":324,"column":36}},"150":{"start":{"line":334,"column":1},"end":{"line":334,"column":53}},"151":{"start":{"line":335,"column":1},"end":{"line":335,"column":35}},"152":{"start":{"line":336,"column":1},"end":{"line":336,"column":42}},"153":{"start":{"line":343,"column":0},"end":{"line":349,"column":3}},"154":{"start":{"line":346,"column":2},"end":{"line":346,"column":48}},"155":{"start":{"line":353,"column":0},"end":{"line":357,"column":3}},"156":{"start":{"line":363,"column":0},"end":{"line":413,"column":1}},"157":{"start":{"line":364,"column":1},"end":{"line":366,"column":2}},"158":{"start":{"line":365,"column":2},"end":{"line":365,"column":54}},"159":{"start":{"line":368,"column":1},"end":{"line":368,"column":46}},"160":{"start":{"line":369,"column":1},"end":{"line":379,"column":2}},"161":{"start":{"line":370,"column":2},"end":{"line":378,"column":3}},"162":{"start":{"line":371,"column":3},"end":{"line":371,"column":15}},"163":{"start":{"line":372,"column":3},"end":{"line":372,"column":11}},"164":{"start":{"line":373,"column":3},"end":{"line":373,"column":14}},"165":{"start":{"line":374,"column":3},"end":{"line":376,"column":4}},"166":{"start":{"line":375,"column":4},"end":{"line":375,"column":29}},"167":{"start":{"line":377,"column":3},"end":{"line":377,"column":19}},"168":{"start":{"line":381,"column":1},"end":{"line":411,"column":3}},"169":{"start":{"line":384,"column":3},"end":{"line":386,"column":4}},"170":{"start":{"line":385,"column":4},"end":{"line":385,"column":51}},"171":{"start":{"line":387,"column":3},"end":{"line":393,"column":4}},"172":{"start":{"line":389,"column":4},"end":{"line":389,"column":30}},"173":{"start":{"line":392,"column":4},"end":{"line":392,"column":27}},"174":{"start":{"line":397,"column":3},"end":{"line":397,"column":41}},"175":{"start":{"line":401,"column":3},"end":{"line":401,"column":15}},"176":{"start":{"line":405,"column":3},"end":{"line":405,"column":12}},"177":{"start":{"line":409,"column":3},"end":{"line":409,"column":12}},"178":{"start":{"line":412,"column":1},"end":{"line":412,"column":44}},"179":{"start":{"line":419,"column":0},"end":{"line":469,"column":1}},"180":{"start":{"line":421,"column":0},"end":{"line":421,"column":33}},"181":{"start":{"line":423,"column":0},"end":{"line":434,"column":1}},"182":{"start":{"line":424,"column":1},"end":{"line":424,"column":39}},"183":{"start":{"line":425,"column":1},"end":{"line":432,"column":2}},"184":{"start":{"line":426,"column":2},"end":{"line":426,"column":48}},"185":{"start":{"line":427,"column":2},"end":{"line":431,"column":6}},"186":{"start":{"line":428,"column":4},"end":{"line":428,"column":20}},"187":{"start":{"line":430,"column":4},"end":{"line":430,"column":14}},"188":{"start":{"line":433,"column":1},"end":{"line":433,"column":15}},"189":{"start":{"line":436,"column":0},"end":{"line":438,"column":2}},"190":{"start":{"line":437,"column":1},"end":{"line":437,"column":51}},"191":{"start":{"line":440,"column":0},"end":{"line":442,"column":2}},"192":{"start":{"line":441,"column":1},"end":{"line":441,"column":53}},"193":{"start":{"line":444,"column":0},"end":{"line":450,"column":3}},"194":{"start":{"line":447,"column":2},"end":{"line":447,"column":41}},"195":{"start":{"line":452,"column":0},"end":{"line":458,"column":3}},"196":{"start":{"line":455,"column":2},"end":{"line":455,"column":43}},"197":{"start":{"line":460,"column":0},"end":{"line":466,"column":3}},"198":{"start":{"line":463,"column":2},"end":{"line":463,"column":42}},"199":{"start":{"line":475,"column":0},"end":{"line":479,"column":2}},"200":{"start":{"line":477,"column":1},"end":{"line":477,"column":22}},"201":{"start":{"line":478,"column":1},"end":{"line":478,"column":24}},"202":{"start":{"line":481,"column":0},"end":{"line":484,"column":2}},"203":{"start":{"line":482,"column":1},"end":{"line":483,"column":34}},"204":{"start":{"line":486,"column":0},"end":{"line":503,"column":1}},"205":{"start":{"line":487,"column":1},"end":{"line":487,"column":26}},"206":{"start":{"line":488,"column":1},"end":{"line":500,"column":2}},"207":{"start":{"line":489,"column":2},"end":{"line":499,"column":3}},"208":{"start":{"line":490,"column":3},"end":{"line":492,"column":4}},"209":{"start":{"line":491,"column":4},"end":{"line":491,"column":28}},"210":{"start":{"line":493,"column":9},"end":{"line":499,"column":3}},"211":{"start":{"line":495,"column":3},"end":{"line":495,"column":33}},"212":{"start":{"line":498,"column":3},"end":{"line":498,"column":68}},"213":{"start":{"line":501,"column":1},"end":{"line":501,"column":23}},"214":{"start":{"line":502,"column":1},"end":{"line":502,"column":24}},"215":{"start":{"line":505,"column":0},"end":{"line":613,"column":1}},"216":{"start":{"line":506,"column":1},"end":{"line":508,"column":2}},"217":{"start":{"line":507,"column":2},"end":{"line":507,"column":114}},"218":{"start":{"line":509,"column":1},"end":{"line":511,"column":15}},"219":{"start":{"line":512,"column":1},"end":{"line":512,"column":32}},"220":{"start":{"line":514,"column":1},"end":{"line":514,"column":63}},"221":{"start":{"line":515,"column":1},"end":{"line":572,"column":2}},"222":{"start":{"line":517,"column":2},"end":{"line":517,"column":14}},"223":{"start":{"line":518,"column":2},"end":{"line":518,"column":60}},"224":{"start":{"line":520,"column":2},"end":{"line":520,"column":24}},"225":{"start":{"line":521,"column":2},"end":{"line":536,"column":4}},"226":{"start":{"line":523,"column":3},"end":{"line":535,"column":4}},"227":{"start":{"line":524,"column":4},"end":{"line":524,"column":21}},"228":{"start":{"line":525,"column":4},"end":{"line":534,"column":5}},"229":{"start":{"line":526,"column":5},"end":{"line":533,"column":6}},"230":{"start":{"line":527,"column":6},"end":{"line":529,"column":7}},"231":{"start":{"line":528,"column":7},"end":{"line":528,"column":74}},"232":{"start":{"line":538,"column":2},"end":{"line":567,"column":4}},"233":{"start":{"line":539,"column":3},"end":{"line":566,"column":4}},"234":{"start":{"line":540,"column":4},"end":{"line":541,"column":34}},"235":{"start":{"line":540,"column":15},"end":{"line":540,"column":32}},"236":{"start":{"line":541,"column":11},"end":{"line":541,"column":32}},"237":{"start":{"line":542,"column":4},"end":{"line":565,"column":5}},"238":{"start":{"line":544,"column":5},"end":{"line":544,"column":17}},"239":{"start":{"line":545,"column":5},"end":{"line":546,"column":58}},"240":{"start":{"line":549,"column":5},"end":{"line":550,"column":39}},"241":{"start":{"line":551,"column":5},"end":{"line":551,"column":23}},"242":{"start":{"line":552,"column":5},"end":{"line":560,"column":6}},"243":{"start":{"line":553,"column":6},"end":{"line":553,"column":22}},"244":{"start":{"line":554,"column":6},"end":{"line":559,"column":7}},"245":{"start":{"line":555,"column":7},"end":{"line":558,"column":8}},"246":{"start":{"line":556,"column":8},"end":{"line":557,"column":34}},"247":{"start":{"line":561,"column":5},"end":{"line":564,"column":6}},"248":{"start":{"line":563,"column":6},"end":{"line":563,"column":29}},"249":{"start":{"line":569,"column":2},"end":{"line":571,"column":3}},"250":{"start":{"line":570,"column":3},"end":{"line":570,"column":27}},"251":{"start":{"line":574,"column":1},"end":{"line":574,"column":8}},"252":{"start":{"line":575,"column":1},"end":{"line":612,"column":4}},"253":{"start":{"line":577,"column":3},"end":{"line":577,"column":24}},"254":{"start":{"line":578,"column":3},"end":{"line":578,"column":13}},"255":{"start":{"line":581,"column":3},"end":{"line":581,"column":29}},"256":{"start":{"line":582,"column":3},"end":{"line":582,"column":23}},"257":{"start":{"line":583,"column":3},"end":{"line":583,"column":13}},"258":{"start":{"line":588,"column":3},"end":{"line":601,"column":4}},"259":{"start":{"line":589,"column":4},"end":{"line":589,"column":20}},"260":{"start":{"line":590,"column":4},"end":{"line":596,"column":5}},"261":{"start":{"line":591,"column":5},"end":{"line":595,"column":6}},"262":{"start":{"line":592,"column":6},"end":{"line":594,"column":7}},"263":{"start":{"line":593,"column":7},"end":{"line":593,"column":67}},"264":{"start":{"line":597,"column":4},"end":{"line":600,"column":5}},"265":{"start":{"line":599,"column":5},"end":{"line":599,"column":28}},"266":{"start":{"line":604,"column":3},"end":{"line":604,"column":28}},"267":{"start":{"line":607,"column":3},"end":{"line":607,"column":49}},"268":{"start":{"line":610,"column":3},"end":{"line":610,"column":50}},"269":{"start":{"line":615,"column":0},"end":{"line":625,"column":2}},"270":{"start":{"line":618,"column":2},"end":{"line":618,"column":67}},"271":{"start":{"line":619,"column":2},"end":{"line":619,"column":67}},"272":{"start":{"line":622,"column":2},"end":{"line":622,"column":67}},"273":{"start":{"line":623,"column":2},"end":{"line":623,"column":46}},"274":{"start":{"line":631,"column":0},"end":{"line":652,"column":1}},"275":{"start":{"line":632,"column":1},"end":{"line":634,"column":2}},"276":{"start":{"line":633,"column":2},"end":{"line":633,"column":54}},"277":{"start":{"line":636,"column":1},"end":{"line":636,"column":25}},"278":{"start":{"line":637,"column":1},"end":{"line":651,"column":4}},"279":{"start":{"line":639,"column":3},"end":{"line":639,"column":27}},"280":{"start":{"line":640,"column":3},"end":{"line":640,"column":23}},"281":{"start":{"line":641,"column":3},"end":{"line":641,"column":18}},"282":{"start":{"line":644,"column":3},"end":{"line":644,"column":27}},"283":{"start":{"line":645,"column":3},"end":{"line":645,"column":23}},"284":{"start":{"line":646,"column":3},"end":{"line":646,"column":44}},"285":{"start":{"line":646,"column":24},"end":{"line":646,"column":41}},"286":{"start":{"line":649,"column":3},"end":{"line":649,"column":22}}},"branchMap":{"1":{"line":19,"type":"cond-expr","locations":[{"start":{"line":19,"column":28},"end":{"line":19,"column":34}},{"start":{"line":19,"column":37},"end":{"line":19,"column":43}}]},"2":{"line":21,"type":"cond-expr","locations":[{"start":{"line":22,"column":0},"end":{"line":24,"column":1}},{"start":{"line":25,"column":0},"end":{"line":27,"column":1}}]},"3":{"line":51,"type":"if","locations":[{"start":{"line":51,"column":1},"end":{"line":51,"column":1}},{"start":{"line":51,"column":1},"end":{"line":51,"column":1}}]},"4":{"line":55,"type":"if","locations":[{"start":{"line":55,"column":5},"end":{"line":55,"column":5}},{"start":{"line":55,"column":5},"end":{"line":55,"column":5}}]},"5":{"line":68,"type":"if","locations":[{"start":{"line":68,"column":1},"end":{"line":68,"column":1}},{"start":{"line":68,"column":1},"end":{"line":68,"column":1}}]},"6":{"line":88,"type":"if","locations":[{"start":{"line":88,"column":1},"end":{"line":88,"column":1}},{"start":{"line":88,"column":1},"end":{"line":88,"column":1}}]},"7":{"line":91,"type":"if","locations":[{"start":{"line":91,"column":1},"end":{"line":91,"column":1}},{"start":{"line":91,"column":1},"end":{"line":91,"column":1}}]},"8":{"line":98,"type":"if","locations":[{"start":{"line":98,"column":8},"end":{"line":98,"column":8}},{"start":{"line":98,"column":8},"end":{"line":98,"column":8}}]},"9":{"line":108,"type":"binary-expr","locations":[{"start":{"line":108,"column":9},"end":{"line":109,"column":12}},{"start":{"line":109,"column":17},"end":{"line":109,"column":51}}]},"10":{"line":108,"type":"binary-expr","locations":[{"start":{"line":108,"column":10},"end":{"line":108,"column":23}},{"start":{"line":108,"column":28},"end":{"line":108,"column":46}}]},"11":{"line":115,"type":"if","locations":[{"start":{"line":115,"column":2},"end":{"line":115,"column":2}},{"start":{"line":115,"column":2},"end":{"line":115,"column":2}}]},"12":{"line":134,"type":"if","locations":[{"start":{"line":134,"column":3},"end":{"line":134,"column":3}},{"start":{"line":134,"column":3},"end":{"line":134,"column":3}}]},"13":{"line":137,"type":"if","locations":[{"start":{"line":137,"column":3},"end":{"line":137,"column":3}},{"start":{"line":137,"column":3},"end":{"line":137,"column":3}}]},"14":{"line":137,"type":"binary-expr","locations":[{"start":{"line":137,"column":7},"end":{"line":137,"column":15}},{"start":{"line":137,"column":19},"end":{"line":137,"column":39}}]},"15":{"line":140,"type":"if","locations":[{"start":{"line":140,"column":3},"end":{"line":140,"column":3}},{"start":{"line":140,"column":3},"end":{"line":140,"column":3}}]},"16":{"line":147,"type":"binary-expr","locations":[{"start":{"line":147,"column":19},"end":{"line":147,"column":38}},{"start":{"line":148,"column":6},"end":{"line":148,"column":37}}]},"17":{"line":153,"type":"binary-expr","locations":[{"start":{"line":153,"column":3},"end":{"line":153,"column":22}},{"start":{"line":153,"column":26},"end":{"line":153,"column":62}}]},"18":{"line":156,"type":"if","locations":[{"start":{"line":156,"column":3},"end":{"line":156,"column":3}},{"start":{"line":156,"column":3},"end":{"line":156,"column":3}}]},"19":{"line":159,"type":"if","locations":[{"start":{"line":159,"column":4},"end":{"line":159,"column":4}},{"start":{"line":159,"column":4},"end":{"line":159,"column":4}}]},"20":{"line":160,"type":"if","locations":[{"start":{"line":160,"column":5},"end":{"line":160,"column":5}},{"start":{"line":160,"column":5},"end":{"line":160,"column":5}}]},"21":{"line":164,"type":"binary-expr","locations":[{"start":{"line":164,"column":8},"end":{"line":164,"column":16}},{"start":{"line":164,"column":20},"end":{"line":164,"column":39}}]},"22":{"line":176,"type":"cond-expr","locations":[{"start":{"line":176,"column":33},"end":{"line":176,"column":50}},{"start":{"line":176,"column":53},"end":{"line":176,"column":62}}]},"23":{"line":179,"type":"cond-expr","locations":[{"start":{"line":179,"column":33},"end":{"line":179,"column":49}},{"start":{"line":179,"column":52},"end":{"line":179,"column":61}}]},"24":{"line":184,"type":"binary-expr","locations":[{"start":{"line":184,"column":24},"end":{"line":184,"column":49}},{"start":{"line":185,"column":5},"end":{"line":185,"column":45}}]},"25":{"line":186,"type":"binary-expr","locations":[{"start":{"line":186,"column":23},"end":{"line":186,"column":46}},{"start":{"line":187,"column":6},"end":{"line":187,"column":41}}]},"26":{"line":198,"type":"binary-expr","locations":[{"start":{"line":198,"column":24},"end":{"line":198,"column":49}},{"start":{"line":199,"column":5},"end":{"line":199,"column":45}}]},"27":{"line":200,"type":"binary-expr","locations":[{"start":{"line":200,"column":23},"end":{"line":200,"column":46}},{"start":{"line":201,"column":6},"end":{"line":201,"column":41}}]},"28":{"line":204,"type":"if","locations":[{"start":{"line":204,"column":3},"end":{"line":204,"column":3}},{"start":{"line":204,"column":3},"end":{"line":204,"column":3}}]},"29":{"line":204,"type":"binary-expr","locations":[{"start":{"line":204,"column":6},"end":{"line":204,"column":19}},{"start":{"line":204,"column":24},"end":{"line":204,"column":69}}]},"30":{"line":210,"type":"binary-expr","locations":[{"start":{"line":210,"column":3},"end":{"line":210,"column":28}},{"start":{"line":210,"column":33},"end":{"line":210,"column":74}}]},"31":{"line":211,"type":"if","locations":[{"start":{"line":211,"column":3},"end":{"line":211,"column":3}},{"start":{"line":211,"column":3},"end":{"line":211,"column":3}}]},"32":{"line":218,"type":"binary-expr","locations":[{"start":{"line":218,"column":19},"end":{"line":218,"column":44}},{"start":{"line":219,"column":4},"end":{"line":219,"column":38}}]},"33":{"line":220,"type":"binary-expr","locations":[{"start":{"line":220,"column":27},"end":{"line":220,"column":40}},{"start":{"line":220,"column":44},"end":{"line":220,"column":66}}]},"34":{"line":221,"type":"if","locations":[{"start":{"line":221,"column":3},"end":{"line":221,"column":3}},{"start":{"line":221,"column":3},"end":{"line":221,"column":3}}]},"35":{"line":224,"type":"if","locations":[{"start":{"line":224,"column":5},"end":{"line":224,"column":5}},{"start":{"line":224,"column":5},"end":{"line":224,"column":5}}]},"36":{"line":224,"type":"binary-expr","locations":[{"start":{"line":224,"column":9},"end":{"line":224,"column":29}},{"start":{"line":224,"column":33},"end":{"line":224,"column":67}}]},"37":{"line":236,"type":"if","locations":[{"start":{"line":236,"column":2},"end":{"line":236,"column":2}},{"start":{"line":236,"column":2},"end":{"line":236,"column":2}}]},"38":{"line":236,"type":"binary-expr","locations":[{"start":{"line":236,"column":6},"end":{"line":236,"column":33}},{"start":{"line":236,"column":37},"end":{"line":236,"column":58}}]},"39":{"line":239,"type":"if","locations":[{"start":{"line":239,"column":2},"end":{"line":239,"column":2}},{"start":{"line":239,"column":2},"end":{"line":239,"column":2}}]},"40":{"line":240,"type":"binary-expr","locations":[{"start":{"line":240,"column":3},"end":{"line":240,"column":23}},{"start":{"line":240,"column":27},"end":{"line":240,"column":69}}]},"41":{"line":244,"type":"if","locations":[{"start":{"line":244,"column":2},"end":{"line":244,"column":2}},{"start":{"line":244,"column":2},"end":{"line":244,"column":2}}]},"42":{"line":246,"type":"if","locations":[{"start":{"line":246,"column":3},"end":{"line":246,"column":3}},{"start":{"line":246,"column":3},"end":{"line":246,"column":3}}]},"43":{"line":249,"type":"if","locations":[{"start":{"line":249,"column":10},"end":{"line":249,"column":10}},{"start":{"line":249,"column":10},"end":{"line":249,"column":10}}]},"44":{"line":249,"type":"binary-expr","locations":[{"start":{"line":249,"column":14},"end":{"line":249,"column":33}},{"start":{"line":249,"column":37},"end":{"line":249,"column":62}}]},"45":{"line":266,"type":"if","locations":[{"start":{"line":266,"column":3},"end":{"line":266,"column":3}},{"start":{"line":266,"column":3},"end":{"line":266,"column":3}}]},"46":{"line":272,"type":"if","locations":[{"start":{"line":272,"column":5},"end":{"line":272,"column":5}},{"start":{"line":272,"column":5},"end":{"line":272,"column":5}}]},"47":{"line":292,"type":"if","locations":[{"start":{"line":292,"column":7},"end":{"line":292,"column":7}},{"start":{"line":292,"column":7},"end":{"line":292,"column":7}}]},"48":{"line":301,"type":"if","locations":[{"start":{"line":301,"column":7},"end":{"line":301,"column":7}},{"start":{"line":301,"column":7},"end":{"line":301,"column":7}}]},"49":{"line":313,"type":"if","locations":[{"start":{"line":313,"column":7},"end":{"line":313,"column":7}},{"start":{"line":313,"column":7},"end":{"line":313,"column":7}}]},"50":{"line":317,"type":"if","locations":[{"start":{"line":317,"column":8},"end":{"line":317,"column":8}},{"start":{"line":317,"column":8},"end":{"line":317,"column":8}}]},"51":{"line":364,"type":"if","locations":[{"start":{"line":364,"column":1},"end":{"line":364,"column":1}},{"start":{"line":364,"column":1},"end":{"line":364,"column":1}}]},"52":{"line":370,"type":"if","locations":[{"start":{"line":370,"column":2},"end":{"line":370,"column":2}},{"start":{"line":370,"column":2},"end":{"line":370,"column":2}}]},"53":{"line":384,"type":"if","locations":[{"start":{"line":384,"column":3},"end":{"line":384,"column":3}},{"start":{"line":384,"column":3},"end":{"line":384,"column":3}}]},"54":{"line":387,"type":"if","locations":[{"start":{"line":387,"column":3},"end":{"line":387,"column":3}},{"start":{"line":387,"column":3},"end":{"line":387,"column":3}}]},"55":{"line":397,"type":"binary-expr","locations":[{"start":{"line":397,"column":3},"end":{"line":397,"column":11}},{"start":{"line":397,"column":15},"end":{"line":397,"column":40}}]},"56":{"line":419,"type":"if","locations":[{"start":{"line":419,"column":0},"end":{"line":419,"column":0}},{"start":{"line":419,"column":0},"end":{"line":419,"column":0}}]},"57":{"line":425,"type":"if","locations":[{"start":{"line":425,"column":1},"end":{"line":425,"column":1}},{"start":{"line":425,"column":1},"end":{"line":425,"column":1}}]},"58":{"line":489,"type":"if","locations":[{"start":{"line":489,"column":2},"end":{"line":489,"column":2}},{"start":{"line":489,"column":2},"end":{"line":489,"column":2}}]},"59":{"line":493,"type":"if","locations":[{"start":{"line":493,"column":9},"end":{"line":493,"column":9}},{"start":{"line":493,"column":9},"end":{"line":493,"column":9}}]},"60":{"line":493,"type":"binary-expr","locations":[{"start":{"line":493,"column":13},"end":{"line":493,"column":20}},{"start":{"line":493,"column":24},"end":{"line":493,"column":59}},{"start":{"line":494,"column":3},"end":{"line":494,"column":38}}]},"61":{"line":506,"type":"if","locations":[{"start":{"line":506,"column":1},"end":{"line":506,"column":1}},{"start":{"line":506,"column":1},"end":{"line":506,"column":1}}]},"62":{"line":515,"type":"if","locations":[{"start":{"line":515,"column":1},"end":{"line":515,"column":1}},{"start":{"line":515,"column":1},"end":{"line":515,"column":1}}]},"63":{"line":523,"type":"if","locations":[{"start":{"line":523,"column":3},"end":{"line":523,"column":3}},{"start":{"line":523,"column":3},"end":{"line":523,"column":3}}]},"64":{"line":523,"type":"binary-expr","locations":[{"start":{"line":523,"column":7},"end":{"line":523,"column":17}},{"start":{"line":523,"column":21},"end":{"line":523,"column":36}},{"start":{"line":523,"column":40},"end":{"line":523,"column":48}}]},"65":{"line":527,"type":"if","locations":[{"start":{"line":527,"column":6},"end":{"line":527,"column":6}},{"start":{"line":527,"column":6},"end":{"line":527,"column":6}}]},"66":{"line":528,"type":"binary-expr","locations":[{"start":{"line":528,"column":7},"end":{"line":528,"column":44}},{"start":{"line":528,"column":48},"end":{"line":528,"column":73}}]},"67":{"line":539,"type":"if","locations":[{"start":{"line":539,"column":3},"end":{"line":539,"column":3}},{"start":{"line":539,"column":3},"end":{"line":539,"column":3}}]},"68":{"line":540,"type":"if","locations":[{"start":{"line":540,"column":4},"end":{"line":540,"column":4}},{"start":{"line":540,"column":4},"end":{"line":540,"column":4}}]},"69":{"line":542,"type":"if","locations":[{"start":{"line":542,"column":4},"end":{"line":542,"column":4}},{"start":{"line":542,"column":4},"end":{"line":542,"column":4}}]},"70":{"line":542,"type":"binary-expr","locations":[{"start":{"line":542,"column":8},"end":{"line":542,"column":36}},{"start":{"line":543,"column":6},"end":{"line":543,"column":9}},{"start":{"line":543,"column":13},"end":{"line":543,"column":27}}]},"71":{"line":549,"type":"cond-expr","locations":[{"start":{"line":549,"column":31},"end":{"line":549,"column":42}},{"start":{"line":549,"column":45},"end":{"line":549,"column":49}}]},"72":{"line":550,"type":"cond-expr","locations":[{"start":{"line":550,"column":19},"end":{"line":550,"column":23}},{"start":{"line":550,"column":26},"end":{"line":550,"column":37}}]},"73":{"line":552,"type":"if","locations":[{"start":{"line":552,"column":5},"end":{"line":552,"column":5}},{"start":{"line":552,"column":5},"end":{"line":552,"column":5}}]},"74":{"line":552,"type":"binary-expr","locations":[{"start":{"line":552,"column":9},"end":{"line":552,"column":28}},{"start":{"line":552,"column":32},"end":{"line":552,"column":41}}]},"75":{"line":555,"type":"if","locations":[{"start":{"line":555,"column":7},"end":{"line":555,"column":7}},{"start":{"line":555,"column":7},"end":{"line":555,"column":7}}]},"76":{"line":556,"type":"binary-expr","locations":[{"start":{"line":556,"column":8},"end":{"line":556,"column":44}},{"start":{"line":557,"column":8},"end":{"line":557,"column":33}}]},"77":{"line":561,"type":"if","locations":[{"start":{"line":561,"column":5},"end":{"line":561,"column":5}},{"start":{"line":561,"column":5},"end":{"line":561,"column":5}}]},"78":{"line":588,"type":"if","locations":[{"start":{"line":588,"column":3},"end":{"line":588,"column":3}},{"start":{"line":588,"column":3},"end":{"line":588,"column":3}}]},"79":{"line":590,"type":"if","locations":[{"start":{"line":590,"column":4},"end":{"line":590,"column":4}},{"start":{"line":590,"column":4},"end":{"line":590,"column":4}}]},"80":{"line":592,"type":"if","locations":[{"start":{"line":592,"column":6},"end":{"line":592,"column":6}},{"start":{"line":592,"column":6},"end":{"line":592,"column":6}}]},"81":{"line":593,"type":"binary-expr","locations":[{"start":{"line":593,"column":7},"end":{"line":593,"column":43}},{"start":{"line":593,"column":47},"end":{"line":593,"column":66}}]},"82":{"line":597,"type":"if","locations":[{"start":{"line":597,"column":4},"end":{"line":597,"column":4}},{"start":{"line":597,"column":4},"end":{"line":597,"column":4}}]},"83":{"line":607,"type":"cond-expr","locations":[{"start":{"line":607,"column":30},"end":{"line":607,"column":36}},{"start":{"line":607,"column":39},"end":{"line":607,"column":48}}]},"84":{"line":610,"type":"cond-expr","locations":[{"start":{"line":610,"column":30},"end":{"line":610,"column":37}},{"start":{"line":610,"column":40},"end":{"line":610,"column":49}}]},"85":{"line":632,"type":"if","locations":[{"start":{"line":632,"column":1},"end":{"line":632,"column":1}},{"start":{"line":632,"column":1},"end":{"line":632,"column":1}}]}}}}