TN:
SF:E:\USER\laboratorium\nodejs\crtk\index.js
FN:14,(anonymous_1)
FN:22,execAsync
FN:25,execAsync
FN:36,Cancellation
FN:39,toString
FN:49,ensureBackingPromise
FN:53,(anonymous_7)
FN:54,(anonymous_8)
FN:67,maybePromisifyAwaitable
FN:69,(anonymous_10)
FN:72,(anonymous_11)
FN:86,start
FN:94,asyncFuncWrapper
FN:101,plainFuncWrapper
FN:107,getOnceListenersFor
FN:114,possiblyWrapCancellationResult
FN:133,await
FN:152,unawait
FN:155,cancel
FN:163,(anonymous_20)
FN:172,(anonymous_21)
FN:175,(anonymous_22)
FN:178,(anonymous_23)
FN:182,on
FN:191,once
FN:196,removeListener
FN:209,removeAllListeners
FN:216,emit
FN:234,SYNCW
FN:259,(anonymous_30)
FN:263,getSyncr
FN:265,SYNC
FN:271,(anonymous_33)
FN:287,SYNCTL
FN:345,(anonymous_35)
FN:363,Awaiter
FN:369,theAwaiter
FN:383,await
FN:396,unawait
FN:400,(anonymous_40)
FN:404,(anonymous_41)
FN:408,(anonymous_42)
FN:423,ensureBackingAwaiter
FN:427,(anonymous_44)
FN:429,(anonymous_45)
FN:436,(anonymous_46)
FN:440,(anonymous_47)
FN:446,(anonymous_48)
FN:454,(anonymous_49)
FN:462,(anonymous_50)
FN:476,CheckpointResult
FN:481,toString
FN:486,checkpointExtractArrayOfAwaiters
FN:488,addAwaiters
FN:505,checkpointCreate
FN:521,unawaitAwaiters
FN:538,checkpointCallback
FN:576,stopOnFirstError
FN:580,cancelAbandoned
FN:587,cancel
FN:603,(anonymous_61)
FN:606,(anonymous_62)
FN:609,(anonymous_63)
FN:617,allOf
FN:621,anyOf
FN:631,NowThen
FN:638,(anonymous_67)
FN:643,(anonymous_68)
FN:646,(anonymous_69)
FN:648,(anonymous_70)
FNF:70
FNH:68
FNDA:0,(anonymous_1)
FNDA:0,execAsync
FNDA:663,execAsync
FNDA:14,Cancellation
FNDA:12,toString
FNDA:8,ensureBackingPromise
FNDA:8,(anonymous_7)
FNDA:8,(anonymous_8)
FNDA:243,maybePromisifyAwaitable
FNDA:7,(anonymous_10)
FNDA:1,(anonymous_11)
FNDA:147,start
FNDA:9,asyncFuncWrapper
FNDA:4,plainFuncWrapper
FNDA:3,getOnceListenersFor
FNDA:149,possiblyWrapCancellationResult
FNDA:159,await
FNDA:8,unawait
FNDA:14,cancel
FNDA:13,(anonymous_20)
FNDA:253,(anonymous_21)
FNDA:3,(anonymous_22)
FNDA:4,(anonymous_23)
FNDA:16,on
FNDA:3,once
FNDA:3,removeListener
FNDA:2,removeAllListeners
FNDA:12,emit
FNDA:138,SYNCW
FNDA:2,(anonymous_30)
FNDA:430,getSyncr
FNDA:299,SYNC
FNDA:284,(anonymous_33)
FNDA:4,SYNCTL
FNDA:1,(anonymous_35)
FNDA:65,Awaiter
FNDA:63,theAwaiter
FNDA:70,await
FNDA:11,unawait
FNDA:39,(anonymous_40)
FNDA:1,(anonymous_41)
FNDA:1,(anonymous_42)
FNDA:26,ensureBackingAwaiter
FNDA:11,(anonymous_44)
FNDA:3,(anonymous_45)
FNDA:15,(anonymous_46)
FNDA:1,(anonymous_47)
FNDA:8,(anonymous_48)
FNDA:1,(anonymous_49)
FNDA:1,(anonymous_50)
FNDA:33,CheckpointResult
FNDA:1,toString
FNDA:34,checkpointExtractArrayOfAwaiters
FNDA:173,addAwaiters
FNDA:33,checkpointCreate
FNDA:28,unawaitAwaiters
FNDA:119,checkpointCallback
FNDA:2,stopOnFirstError
FNDA:2,cancelAbandoned
FNDA:2,cancel
FNDA:3,(anonymous_61)
FNDA:2,(anonymous_62)
FNDA:1,(anonymous_63)
FNDA:22,allOf
FNDA:12,anyOf
FNDA:4,NowThen
FNDA:4,(anonymous_67)
FNDA:1,(anonymous_68)
FNDA:1,(anonymous_69)
FNDA:5,(anonymous_70)
DA:5,1
DA:18,1
DA:19,1
DA:21,1
DA:23,0
DA:26,663
DA:29,1
DA:35,1
DA:37,14
DA:38,14
DA:39,14
DA:40,12
DA:48,1
DA:49,1
DA:50,8
DA:51,8
DA:52,8
DA:54,8
DA:55,8
DA:56,1
DA:58,7
DA:64,8
DA:67,1
DA:68,243
DA:69,243
DA:70,7
DA:72,243
DA:73,1
DA:77,243
DA:84,1
DA:85,1
DA:88,147
DA:89,1
DA:91,146
DA:93,9
DA:94,9
DA:96,9
DA:98,137
DA:100,4
DA:101,4
DA:102,4
DA:106,146
DA:107,1
DA:108,3
DA:114,1
DA:115,149
DA:116,12
DA:119,137
DA:123,146
DA:134,159
DA:135,1
DA:137,158
DA:138,1
DA:140,157
DA:142,12
DA:147,145
DA:149,145
DA:153,8
DA:156,14
DA:157,14
DA:158,14
DA:159,14
DA:160,14
DA:163,13
DA:164,13
DA:167,1
DA:173,253
DA:176,3
DA:179,4
DA:183,16
DA:184,16
DA:188,16
DA:192,3
DA:193,3
DA:197,3
DA:198,3
DA:202,3
DA:203,3
DA:204,3
DA:205,2
DA:210,2
DA:211,2
DA:212,2
DA:217,12
DA:218,12
DA:221,12
DA:222,9
DA:223,12
DA:224,12
DA:225,2
DA:232,146
DA:234,1
DA:236,138
DA:237,129
DA:239,138
DA:240,13
DA:241,13
DA:243,125
DA:244,125
DA:245,21
DA:246,21
DA:248,5
DA:249,16
DA:252,10
DA:254,21
DA:256,104
DA:259,146
DA:260,2
DA:263,1
DA:264,430
DA:265,430
DA:266,299
DA:267,284
DA:271,284
DA:272,284
DA:275,0
DA:276,0
DA:277,0
DA:280,284
DA:284,284
DA:285,284
DA:286,284
DA:287,284
DA:288,4
DA:290,284
DA:291,284
DA:292,284
DA:293,146
DA:295,138
DA:296,138
DA:297,138
DA:299,284
DA:300,267
DA:301,267
DA:302,138
DA:306,17
DA:307,17
DA:309,284
DA:310,284
DA:311,284
DA:312,284
DA:313,284
DA:314,155
DA:315,155
DA:316,155
DA:317,155
DA:319,137
DA:320,137
DA:324,137
DA:334,146
DA:335,146
DA:336,146
DA:343,1
DA:346,1
DA:353,1
DA:363,1
DA:364,65
DA:365,1
DA:368,64
DA:369,1
DA:370,63
DA:371,62
DA:372,62
DA:373,62
DA:374,62
DA:375,53
DA:377,62
DA:381,64
DA:384,70
DA:385,1
DA:387,69
DA:389,6
DA:392,63
DA:397,11
DA:401,39
DA:405,1
DA:409,1
DA:412,64
DA:419,1
DA:421,1
DA:423,1
DA:424,26
DA:425,26
DA:426,14
DA:427,14
DA:428,11
DA:430,3
DA:433,26
DA:436,1
DA:437,15
DA:440,1
DA:441,1
DA:444,1
DA:447,8
DA:452,1
DA:455,1
DA:460,1
DA:463,1
DA:475,1
DA:477,33
DA:478,33
DA:481,1
DA:482,1
DA:486,1
DA:487,34
DA:488,1
DA:489,173
DA:490,35
DA:491,139
DA:493,138
DA:495,137
DA:498,1
DA:501,34
DA:502,33
DA:505,1
DA:506,33
DA:507,0
DA:509,33
DA:512,33
DA:514,33
DA:515,33
DA:517,5
DA:518,5
DA:520,28
DA:521,28
DA:523,28
DA:524,28
DA:525,28
DA:526,137
DA:527,137
DA:528,18
DA:538,28
DA:539,119
DA:540,119
DA:541,109
DA:542,119
DA:544,28
DA:545,28
DA:549,28
DA:551,28
DA:552,28
DA:553,2
DA:554,2
DA:555,6
DA:556,4
DA:561,28
DA:563,14
DA:569,28
DA:570,137
DA:574,33
DA:575,33
DA:577,2
DA:578,2
DA:581,2
DA:582,2
DA:583,2
DA:588,2
DA:589,2
DA:590,2
DA:591,1
DA:592,3
DA:593,3
DA:597,2
DA:599,1
DA:604,3
DA:607,2
DA:610,1
DA:615,1
DA:618,22
DA:619,21
DA:622,12
DA:623,12
DA:631,1
DA:632,4
DA:633,1
DA:636,3
DA:637,3
DA:639,4
DA:640,4
DA:641,4
DA:644,1
DA:645,1
DA:646,1
DA:649,5
LF:284
LH:279
BRDA:19,1,0,0
BRDA:19,1,1,1
BRDA:21,2,0,0
BRDA:21,2,1,1
BRDA:51,3,0,8
BRDA:51,3,1,0
BRDA:55,4,0,1
BRDA:55,4,1,7
BRDA:68,5,0,243
BRDA:68,5,1,0
BRDA:88,6,0,1
BRDA:88,6,1,146
BRDA:91,7,0,9
BRDA:91,7,1,137
BRDA:98,8,0,4
BRDA:98,8,1,133
BRDA:108,9,0,3
BRDA:108,9,1,3
BRDA:108,10,0,3
BRDA:108,10,1,3
BRDA:115,11,0,12
BRDA:115,11,1,137
BRDA:134,12,0,1
BRDA:134,12,1,158
BRDA:137,13,0,1
BRDA:137,13,1,157
BRDA:137,14,0,158
BRDA:137,14,1,158
BRDA:140,15,0,12
BRDA:140,15,1,145
BRDA:147,16,0,145
BRDA:147,16,1,137
BRDA:153,17,0,8
BRDA:153,17,1,8
BRDA:156,18,0,14
BRDA:156,18,1,0
BRDA:159,19,0,14
BRDA:159,19,1,0
BRDA:160,20,0,13
BRDA:160,20,1,1
BRDA:164,21,0,13
BRDA:164,21,1,13
BRDA:176,22,0,3
BRDA:176,22,1,0
BRDA:179,23,0,4
BRDA:179,23,1,0
BRDA:184,24,0,16
BRDA:184,24,1,9
BRDA:186,25,0,16
BRDA:186,25,1,10
BRDA:198,26,0,3
BRDA:198,26,1,0
BRDA:200,27,0,3
BRDA:200,27,1,0
BRDA:204,28,0,2
BRDA:204,28,1,1
BRDA:204,29,0,3
BRDA:204,29,1,2
BRDA:210,30,0,2
BRDA:210,30,1,2
BRDA:211,31,0,2
BRDA:211,31,1,0
BRDA:218,32,0,12
BRDA:218,32,1,11
BRDA:220,33,0,12
BRDA:220,33,1,6
BRDA:221,34,0,9
BRDA:221,34,1,3
BRDA:224,35,0,2
BRDA:224,35,1,10
BRDA:224,36,0,12
BRDA:224,36,1,6
BRDA:236,37,0,129
BRDA:236,37,1,9
BRDA:236,38,0,138
BRDA:236,38,1,138
BRDA:239,39,0,13
BRDA:239,39,1,125
BRDA:240,40,0,13
BRDA:240,40,1,5
BRDA:244,41,0,21
BRDA:244,41,1,104
BRDA:246,42,0,5
BRDA:246,42,1,16
BRDA:249,43,0,10
BRDA:249,43,1,6
BRDA:249,44,0,16
BRDA:249,44,1,14
BRDA:266,45,0,284
BRDA:266,45,1,15
BRDA:272,46,0,0
BRDA:272,46,1,284
BRDA:292,47,0,146
BRDA:292,47,1,138
BRDA:301,48,0,138
BRDA:301,48,1,129
BRDA:313,49,0,155
BRDA:313,49,1,129
BRDA:317,50,0,137
BRDA:317,50,1,18
BRDA:364,51,0,1
BRDA:364,51,1,64
BRDA:370,52,0,62
BRDA:370,52,1,1
BRDA:384,53,0,1
BRDA:384,53,1,69
BRDA:387,54,0,6
BRDA:387,54,1,63
BRDA:397,55,0,11
BRDA:397,55,1,10
BRDA:419,56,0,1
BRDA:419,56,1,0
BRDA:425,57,0,14
BRDA:425,57,1,12
BRDA:489,58,0,35
BRDA:489,58,1,138
BRDA:493,59,0,137
BRDA:493,59,1,1
BRDA:493,60,0,138
BRDA:493,60,1,138
BRDA:493,60,2,137
BRDA:506,61,0,0
BRDA:506,61,1,33
BRDA:515,62,0,5
BRDA:515,62,1,28
BRDA:523,63,0,28
BRDA:523,63,1,0
BRDA:523,64,0,28
BRDA:523,64,1,28
BRDA:523,64,2,28
BRDA:527,65,0,18
BRDA:527,65,1,119
BRDA:528,66,0,18
BRDA:528,66,1,18
BRDA:539,67,0,119
BRDA:539,67,1,0
BRDA:540,68,0,10
BRDA:540,68,1,109
BRDA:542,69,0,28
BRDA:542,69,1,91
BRDA:542,70,0,119
BRDA:542,70,1,93
BRDA:542,70,2,7
BRDA:549,71,0,8
BRDA:549,71,1,20
BRDA:550,72,0,8
BRDA:550,72,1,20
BRDA:552,73,0,2
BRDA:552,73,1,26
BRDA:552,74,0,28
BRDA:552,74,1,2
BRDA:555,75,0,4
BRDA:555,75,1,2
BRDA:556,76,0,4
BRDA:556,76,1,4
BRDA:561,77,0,14
BRDA:561,77,1,14
BRDA:588,78,0,2
BRDA:588,78,1,0
BRDA:590,79,0,1
BRDA:590,79,1,1
BRDA:592,80,0,3
BRDA:592,80,1,0
BRDA:593,81,0,3
BRDA:593,81,1,3
BRDA:597,82,0,1
BRDA:597,82,1,1
BRDA:607,83,0,2
BRDA:607,83,1,0
BRDA:610,84,0,1
BRDA:610,84,1,0
BRDA:632,85,0,1
BRDA:632,85,1,3
BRF:173
BRH:153
end_of_record
